
Starting deployment process of "UsernameFactory"...
Estimated deployment cost: 0.019718085146580874 ETH

"UsernameFactory" was successfully deployed:
 - Contract address: 0x4440a666C0F15433319D5CD756C1a15A47c5B401
 - Contract source: contracts/factories/UsernameFactory.sol:UsernameFactory
 - Encoded constructor arguments: 0x

Requesting contract verification...
Your verification ID is: 252
Contract successfully verified on ZKsync block explorer!

✔ UsernameFactory deployed at 0x4440a666C0F15433319D5CD756C1a15A47c5B401

Starting deployment process of "GraphFactory"...
Estimated deployment cost: 0.019718085157921622 ETH

"GraphFactory" was successfully deployed:
 - Contract address: 0x7dd10F96F90c411521346157b16819d6218CFd3d
 - Contract source: contracts/factories/GraphFactory.sol:GraphFactory
 - Encoded constructor arguments: 0x

Requesting contract verification...
Your verification ID is: 253
Contract successfully verified on ZKsync block explorer!

✔ GraphFactory deployed at 0x7dd10F96F90c411521346157b16819d6218CFd3d

Starting deployment process of "FeedFactory"...
Estimated deployment cost: 0.019718085157921622 ETH

"FeedFactory" was successfully deployed:
 - Contract address: 0x2A15116A3Ad78F436f6EcEb3846ceAabF8E72882
 - Contract source: contracts/factories/FeedFactory.sol:FeedFactory
 - Encoded constructor arguments: 0x

Requesting contract verification...
Your verification ID is: 254
Contract successfully verified on ZKsync block explorer!

✔ FeedFactory deployed at 0x2A15116A3Ad78F436f6EcEb3846ceAabF8E72882

Starting deployment process of "GroupFactory"...
Estimated deployment cost: 0.48148940934768147 ETH

"GroupFactory" was successfully deployed:
 - Contract address: 0xD679F98b19EF60A3def45c7eD99e3737cbAA965f
 - Contract source: contracts/factories/GroupFactory.sol:GroupFactory
 - Encoded constructor arguments: 0x

Requesting contract verification...
Your verification ID is: 255
Contract successfully verified on ZKsync block explorer!

✔ GroupFactory deployed at 0xD679F98b19EF60A3def45c7eD99e3737cbAA965f

Starting deployment process of "AppFactory"...
Estimated deployment cost: 0.506872550966760181 ETH

"AppFactory" was successfully deployed:
 - Contract address: 0xC14edfeA26187e1cb18c81352C41420234b8E8c3
 - Contract source: contracts/factories/AppFactory.sol:AppFactory
 - Encoded constructor arguments: 0x

Requesting contract verification...
Your verification ID is: 256
Contract successfully verified on ZKsync block explorer!

✔ AppFactory deployed at 0xC14edfeA26187e1cb18c81352C41420234b8E8c3

Starting deployment process of "LensFactory"...
Estimated deployment cost: 0.381267073631156484 ETH

"LensFactory" was successfully deployed:
 - Contract address: 0x6a6E4ed39e46389aDe5d8bEC9831715C21012fB0
 - Contract source: contracts/factories/LensFactory.sol:LensFactory
 - Encoded constructor arguments: 0x000000000000000000000000c14edfea26187e1cb18c81352c41420234b8e8c3000000000000000000000000d679f98b19ef60a3def45c7ed99e3737cbaa965f0000000000000000000000002a15116a3ad78f436f6eceb3846ceaabf8e728820000000000000000000000007dd10f96f90c411521346157b16819d6218cfd3d0000000000000000000000004440a666c0f15433319d5cd756c1a15a47c5b401

Requesting contract verification...
Your verification ID is: 257
Contract successfully verified on ZKsync block explorer!

✔ LensFactory deployed at 0x6a6E4ed39e46389aDe5d8bEC9831715C21012fB0
Deploying Global Feed...
Your verification ID is: 258
Contract successfully verified on ZKsync block explorer!
Deploying Global Graph...
Your verification ID is: 259
Contract successfully verified on ZKsync block explorer!


--- Indexer file ---


# CONTRACTS
GRAPH_FACTORY=0x7dd10F96F90c411521346157b16819d6218CFd3d
GLOBAL_GRAPH=0x7d4F6730655bDe4695AeF635D79Ae7ee752fDF47

ACCOUNT_FACTORY=0x0000000000000000000000000000000000000000

APP_FACTORY=0xC14edfeA26187e1cb18c81352C41420234b8E8c3

USERNAME_FACTORY=0x4440a666C0F15433319D5CD756C1a15A47c5B401

FEED_FACTORY=0x2A15116A3Ad78F436f6EcEb3846ceAabF8E72882
GLOBAL_FEED=0x133D114A77989574C7B441807A07070F044565f1

LENS_FACTORY=0x6a6E4ed39e46389aDe5d8bEC9831715C21012fB0

GROUP_FACTORY=0xD679F98b19EF60A3def45c7eD99e3737cbAA965f
